<?xml version="1.0" encoding="UTF-8"?>
<!-- Generated by org.testng.reporters.JUnitXMLReporter -->
<testsuite hostname="janakiram-MacBook-Air.local" name="Command line test" tests="6" failures="0" timestamp="13 Jun 2017 10:20:57 GMT" time="0.029" errors="0">
  <testcase name="@BeforeSuite firstexecution" time="0.0" classname="newframework.AppTest">
    <failure type="java.lang.IllegalStateException" message="The path to the driver executable must be set by the webdriver.chrome.driver system property; for more information, see https://github.com/SeleniumHQ/selenium/wiki/ChromeDriver. The latest version can be downloaded from http://chromedriver.storage.googleapis.com/index.html">
      <![CDATA[java.lang.IllegalStateException: The path to the driver executable must be set by the webdriver.chrome.driver system property; for more information, see https://github.com/SeleniumHQ/selenium/wiki/ChromeDriver. The latest version can be downloaded from http://chromedriver.storage.googleapis.com/index.html
	at com.google.common.base.Preconditions.checkState(Preconditions.java:738)
	at org.openqa.selenium.remote.service.DriverService.findExecutable(DriverService.java:124)
	at org.openqa.selenium.chrome.ChromeDriverService.access$000(ChromeDriverService.java:32)
	at org.openqa.selenium.chrome.ChromeDriverService$Builder.findDefaultExecutable(ChromeDriverService.java:137)
	at org.openqa.selenium.remote.service.DriverService$Builder.build(DriverService.java:330)
	at org.openqa.selenium.chrome.ChromeDriverService.createDefaultService(ChromeDriverService.java:88)
	at org.openqa.selenium.chrome.ChromeDriver.<init>(ChromeDriver.java:124)
	at newframework.AppTest.firstexecution(AppTest.java:20)
	at org.apache.maven.surefire.testng.TestNGExecutor.run(TestNGExecutor.java:77)
	at org.apache.maven.surefire.testng.TestNGDirectoryTestSuite.execute(TestNGDirectoryTestSuite.java:110)
	at org.apache.maven.surefire.testng.TestNGProvider.invoke(TestNGProvider.java:106)
	at org.apache.maven.surefire.util.ReflectionUtils.invokeMethodWithArray(ReflectionUtils.java:189)
	at org.apache.maven.surefire.booter.ProviderFactory$ProviderProxy.invoke(ProviderFactory.java:165)
	at org.apache.maven.surefire.booter.ProviderFactory.invokeProvider(ProviderFactory.java:85)
	at org.apache.maven.surefire.booter.ForkedBooter.runSuitesInProcess(ForkedBooter.java:115)
	at org.apache.maven.surefire.booter.ForkedBooter.main(ForkedBooter.java:75)
... Removed 19 stack frames]]>
    </failure>
  </testcase> <!-- @BeforeSuite firstexecution -->
  <testcase name="@BeforeMethod beforemethodexecution" time="0.0" classname="newframework.AppTest">
    <skipped/>
  </testcase> <!-- @BeforeMethod beforemethodexecution -->
  <testcase name="@BeforeMethod beforemethodexecution" time="0.0" classname="newframework.AppTest">
    <skipped/>
  </testcase> <!-- @BeforeMethod beforemethodexecution -->
  <testcase name="@BeforeMethod beforemethodexecution" time="0.0" classname="newframework.AppTest">
    <skipped/>
  </testcase> <!-- @BeforeMethod beforemethodexecution -->
  <testcase name="@BeforeMethod beforemethodexecution" time="0.0" classname="newframework.AppTest">
    <skipped/>
  </testcase> <!-- @BeforeMethod beforemethodexecution -->
  <testcase name="@BeforeMethod beforemethodexecution" time="0.0" classname="newframework.AppTest">
    <skipped/>
  </testcase> <!-- @BeforeMethod beforemethodexecution -->
  <testcase name="@BeforeMethod beforemethodexecution" time="0.0" classname="newframework.AppTest">
    <skipped/>
  </testcase> <!-- @BeforeMethod beforemethodexecution -->
  <testcase name="Aexecutionoffirst" time="0.001" classname="newframework.AppTest">
    <skipped/>
  </testcase> <!-- Aexecutionoffirst -->
  <testcase name="AfterExecution" time="0.001" classname="newframework.AppTest">
    <skipped/>
  </testcase> <!-- AfterExecution -->
  <testcase name="Bexecutionofsecond" time="0.0" classname="newframework.AppTest">
    <skipped/>
  </testcase> <!-- Bexecutionofsecond -->
  <testcase name="Cexecutionofthird" time="0.0" classname="newframework.AppTest">
    <skipped/>
  </testcase> <!-- Cexecutionofthird -->
  <testcase name="Dexecutionoffourth" time="0.0" classname="newframework.AppTest">
    <skipped/>
  </testcase> <!-- Dexecutionoffourth -->
  <testcase name="Eexecutionoffivth" time="0.0" classname="newframework.AppTest">
    <skipped/>
  </testcase> <!-- Eexecutionoffivth -->
</testsuite> <!-- Command line test -->
